# ivector-extractor-sum-accs --parallel=true "ivector-extractor-acc-stats --num-threads=4 exp/nnet3_cleaned/extractor/7.ie 'ark,s,cs:splice-feats --left-context=3 --right-context=3 scp:local/data/train_hires/split30/17/feats.scp ark:- | transform-feats exp/nnet3_cleaned/extractor/final.mat ark:- ark:- | subsample-feats --n=2 ark:- ark:- |' 'ark,s,cs:gunzip -c exp/nnet3_cleaned/extractor/post.17.gz|' -|" "ivector-extractor-acc-stats --num-threads=4 exp/nnet3_cleaned/extractor/7.ie 'ark,s,cs:splice-feats --left-context=3 --right-context=3 scp:local/data/train_hires/split30/18/feats.scp ark:- | transform-feats exp/nnet3_cleaned/extractor/final.mat ark:- ark:- | subsample-feats --n=2 ark:- ark:- |' 'ark,s,cs:gunzip -c exp/nnet3_cleaned/extractor/post.18.gz|' -|" exp/nnet3_cleaned/extractor/acc.7.9 
# Started at Mon Apr 10 21:54:42 PDT 2023
#
ivector-extractor-sum-accs --parallel=true "ivector-extractor-acc-stats --num-threads=4 exp/nnet3_cleaned/extractor/7.ie 'ark,s,cs:splice-feats --left-context=3 --right-context=3 scp:local/data/train_hires/split30/17/feats.scp ark:- | transform-feats exp/nnet3_cleaned/extractor/final.mat ark:- ark:- | subsample-feats --n=2 ark:- ark:- |' 'ark,s,cs:gunzip -c exp/nnet3_cleaned/extractor/post.17.gz|' -|" "ivector-extractor-acc-stats --num-threads=4 exp/nnet3_cleaned/extractor/7.ie 'ark,s,cs:splice-feats --left-context=3 --right-context=3 scp:local/data/train_hires/split30/18/feats.scp ark:- | transform-feats exp/nnet3_cleaned/extractor/final.mat ark:- ark:- | subsample-feats --n=2 ark:- ark:- |' 'ark,s,cs:gunzip -c exp/nnet3_cleaned/extractor/post.18.gz|' -|" exp/nnet3_cleaned/extractor/acc.7.9 
ivector-extractor-acc-stats --num-threads=4 exp/nnet3_cleaned/extractor/7.ie 'ark,s,cs:splice-feats --left-context=3 --right-context=3 scp:local/data/train_hires/split30/17/feats.scp ark:- | transform-feats exp/nnet3_cleaned/extractor/final.mat ark:- ark:- | subsample-feats --n=2 ark:- ark:- |' 'ark,s,cs:gunzip -c exp/nnet3_cleaned/extractor/post.17.gz|' - 
ivector-extractor-acc-stats --num-threads=4 exp/nnet3_cleaned/extractor/7.ie 'ark,s,cs:splice-feats --left-context=3 --right-context=3 scp:local/data/train_hires/split30/18/feats.scp ark:- | transform-feats exp/nnet3_cleaned/extractor/final.mat ark:- ark:- | subsample-feats --n=2 ark:- ark:- |' 'ark,s,cs:gunzip -c exp/nnet3_cleaned/extractor/post.18.gz|' - 
splice-feats --left-context=3 --right-context=3 scp:local/data/train_hires/split30/17/feats.scp ark:- 
transform-feats exp/nnet3_cleaned/extractor/final.mat ark:- ark:- 
subsample-feats --n=2 ark:- ark:- 
splice-feats --left-context=3 --right-context=3 scp:local/data/train_hires/split30/18/feats.scp ark:- 
transform-feats exp/nnet3_cleaned/extractor/final.mat ark:- ark:- 
subsample-feats --n=2 ark:- ark:- 
LOG (ivector-extractor-acc-stats[5.5.1068~1-59299]:ComputeDerivedVars():ivector-extractor.cc:183) Computing derived variables for iVector extractor
LOG (ivector-extractor-acc-stats[5.5.1068~1-59299]:ComputeDerivedVars():ivector-extractor.cc:183) Computing derived variables for iVector extractor
LOG (ivector-extractor-acc-stats[5.5.1068~1-59299]:ComputeDerivedVars():ivector-extractor.cc:204) Done.
LOG (ivector-extractor-acc-stats[5.5.1068~1-59299]:ComputeDerivedVars():ivector-extractor.cc:204) Done.
LOG (transform-feats[5.5.1068~1-59299]:main():transform-feats.cc:158) Overall average [pseudo-]logdet is -114.68 over 17593 frames.
LOG (transform-feats[5.5.1068~1-59299]:main():transform-feats.cc:161) Applied transform to 75 utterances; 0 had errors.
LOG (subsample-feats[5.5.1068~1-59299]:main():subsample-feats.cc:115) Processed 75 feature matrices; 0 with errors.
LOG (subsample-feats[5.5.1068~1-59299]:main():subsample-feats.cc:117) Processed 17593 input frames and 8809 output frames.
LOG (transform-feats[5.5.1068~1-59299]:main():transform-feats.cc:158) Overall average [pseudo-]logdet is -114.68 over 18871 frames.
LOG (transform-feats[5.5.1068~1-59299]:main():transform-feats.cc:161) Applied transform to 74 utterances; 0 had errors.
LOG (subsample-feats[5.5.1068~1-59299]:main():subsample-feats.cc:115) Processed 74 feature matrices; 0 with errors.
LOG (subsample-feats[5.5.1068~1-59299]:main():subsample-feats.cc:117) Processed 18871 input frames and 9446 output frames.
LOG (ivector-extractor-acc-stats[5.5.1068~1-59299]:main():ivector-extractor-acc-stats.cc:151) Done 75 files, 0 with errors.  Total frames 8809
LOG (ivector-extractor-acc-stats[5.5.1068~1-59299]:main():ivector-extractor-acc-stats.cc:151) Done 74 files, 0 with errors.  Total frames 9446
LOG (ivector-extractor-acc-stats[5.5.1068~1-59299]:main():ivector-extractor-acc-stats.cc:159) Wrote stats to -
LOG (ivector-extractor-acc-stats[5.5.1068~1-59299]:main():ivector-extractor-acc-stats.cc:159) Wrote stats to -
LOG (ivector-extractor-sum-accs[5.5.1068~1-59299]:main():ivector-extractor-sum-accs.cc:83) Wrote summed stats to exp/nnet3_cleaned/extractor/acc.7.9
# Accounting: time=8 threads=1
# Ended (code 0) at Mon Apr 10 21:54:50 PDT 2023, elapsed time 8 seconds
