# ivector-extractor-sum-accs exp/nnet3_cleaned/extractor/acc.7.1 exp/nnet3_cleaned/extractor/acc.7.2 exp/nnet3_cleaned/extractor/acc.7.3 exp/nnet3_cleaned/extractor/acc.7.4 exp/nnet3_cleaned/extractor/acc.7.5 exp/nnet3_cleaned/extractor/acc.7.6 exp/nnet3_cleaned/extractor/acc.7.7 exp/nnet3_cleaned/extractor/acc.7.8 exp/nnet3_cleaned/extractor/acc.7.9 exp/nnet3_cleaned/extractor/acc.7.10 exp/nnet3_cleaned/extractor/acc.7.11 exp/nnet3_cleaned/extractor/acc.7.12 exp/nnet3_cleaned/extractor/acc.7.13 exp/nnet3_cleaned/extractor/acc.7.14 exp/nnet3_cleaned/extractor/acc.7.15 exp/nnet3_cleaned/extractor/acc.7 
# Started at Mon Apr 10 21:54:50 PDT 2023
#
ivector-extractor-sum-accs exp/nnet3_cleaned/extractor/acc.7.1 exp/nnet3_cleaned/extractor/acc.7.2 exp/nnet3_cleaned/extractor/acc.7.3 exp/nnet3_cleaned/extractor/acc.7.4 exp/nnet3_cleaned/extractor/acc.7.5 exp/nnet3_cleaned/extractor/acc.7.6 exp/nnet3_cleaned/extractor/acc.7.7 exp/nnet3_cleaned/extractor/acc.7.8 exp/nnet3_cleaned/extractor/acc.7.9 exp/nnet3_cleaned/extractor/acc.7.10 exp/nnet3_cleaned/extractor/acc.7.11 exp/nnet3_cleaned/extractor/acc.7.12 exp/nnet3_cleaned/extractor/acc.7.13 exp/nnet3_cleaned/extractor/acc.7.14 exp/nnet3_cleaned/extractor/acc.7.15 exp/nnet3_cleaned/extractor/acc.7 
LOG (ivector-extractor-sum-accs[5.5.1068~1-59299]:main():ivector-extractor-sum-accs.cc:74) Reading stats from exp/nnet3_cleaned/extractor/acc.7.1
LOG (ivector-extractor-sum-accs[5.5.1068~1-59299]:main():ivector-extractor-sum-accs.cc:74) Reading stats from exp/nnet3_cleaned/extractor/acc.7.2
LOG (ivector-extractor-sum-accs[5.5.1068~1-59299]:main():ivector-extractor-sum-accs.cc:74) Reading stats from exp/nnet3_cleaned/extractor/acc.7.3
LOG (ivector-extractor-sum-accs[5.5.1068~1-59299]:main():ivector-extractor-sum-accs.cc:74) Reading stats from exp/nnet3_cleaned/extractor/acc.7.4
LOG (ivector-extractor-sum-accs[5.5.1068~1-59299]:main():ivector-extractor-sum-accs.cc:74) Reading stats from exp/nnet3_cleaned/extractor/acc.7.5
LOG (ivector-extractor-sum-accs[5.5.1068~1-59299]:main():ivector-extractor-sum-accs.cc:74) Reading stats from exp/nnet3_cleaned/extractor/acc.7.6
LOG (ivector-extractor-sum-accs[5.5.1068~1-59299]:main():ivector-extractor-sum-accs.cc:74) Reading stats from exp/nnet3_cleaned/extractor/acc.7.7
LOG (ivector-extractor-sum-accs[5.5.1068~1-59299]:main():ivector-extractor-sum-accs.cc:74) Reading stats from exp/nnet3_cleaned/extractor/acc.7.8
LOG (ivector-extractor-sum-accs[5.5.1068~1-59299]:main():ivector-extractor-sum-accs.cc:74) Reading stats from exp/nnet3_cleaned/extractor/acc.7.9
LOG (ivector-extractor-sum-accs[5.5.1068~1-59299]:main():ivector-extractor-sum-accs.cc:74) Reading stats from exp/nnet3_cleaned/extractor/acc.7.10
LOG (ivector-extractor-sum-accs[5.5.1068~1-59299]:main():ivector-extractor-sum-accs.cc:74) Reading stats from exp/nnet3_cleaned/extractor/acc.7.11
LOG (ivector-extractor-sum-accs[5.5.1068~1-59299]:main():ivector-extractor-sum-accs.cc:74) Reading stats from exp/nnet3_cleaned/extractor/acc.7.12
LOG (ivector-extractor-sum-accs[5.5.1068~1-59299]:main():ivector-extractor-sum-accs.cc:74) Reading stats from exp/nnet3_cleaned/extractor/acc.7.13
LOG (ivector-extractor-sum-accs[5.5.1068~1-59299]:main():ivector-extractor-sum-accs.cc:74) Reading stats from exp/nnet3_cleaned/extractor/acc.7.14
LOG (ivector-extractor-sum-accs[5.5.1068~1-59299]:main():ivector-extractor-sum-accs.cc:74) Reading stats from exp/nnet3_cleaned/extractor/acc.7.15
LOG (ivector-extractor-sum-accs[5.5.1068~1-59299]:main():ivector-extractor-sum-accs.cc:83) Wrote summed stats to exp/nnet3_cleaned/extractor/acc.7
# Accounting: time=0 threads=1
# Ended (code 0) at Mon Apr 10 21:54:50 PDT 2023, elapsed time 0 seconds
