# ivector-extractor-sum-accs exp/nnet3_cleaned/extractor/acc.5.1 exp/nnet3_cleaned/extractor/acc.5.2 exp/nnet3_cleaned/extractor/acc.5.3 exp/nnet3_cleaned/extractor/acc.5.4 exp/nnet3_cleaned/extractor/acc.5.5 exp/nnet3_cleaned/extractor/acc.5.6 exp/nnet3_cleaned/extractor/acc.5.7 exp/nnet3_cleaned/extractor/acc.5.8 exp/nnet3_cleaned/extractor/acc.5.9 exp/nnet3_cleaned/extractor/acc.5.10 exp/nnet3_cleaned/extractor/acc.5.11 exp/nnet3_cleaned/extractor/acc.5.12 exp/nnet3_cleaned/extractor/acc.5.13 exp/nnet3_cleaned/extractor/acc.5.14 exp/nnet3_cleaned/extractor/acc.5.15 exp/nnet3_cleaned/extractor/acc.5 
# Started at Mon Apr 10 21:54:32 PDT 2023
#
ivector-extractor-sum-accs exp/nnet3_cleaned/extractor/acc.5.1 exp/nnet3_cleaned/extractor/acc.5.2 exp/nnet3_cleaned/extractor/acc.5.3 exp/nnet3_cleaned/extractor/acc.5.4 exp/nnet3_cleaned/extractor/acc.5.5 exp/nnet3_cleaned/extractor/acc.5.6 exp/nnet3_cleaned/extractor/acc.5.7 exp/nnet3_cleaned/extractor/acc.5.8 exp/nnet3_cleaned/extractor/acc.5.9 exp/nnet3_cleaned/extractor/acc.5.10 exp/nnet3_cleaned/extractor/acc.5.11 exp/nnet3_cleaned/extractor/acc.5.12 exp/nnet3_cleaned/extractor/acc.5.13 exp/nnet3_cleaned/extractor/acc.5.14 exp/nnet3_cleaned/extractor/acc.5.15 exp/nnet3_cleaned/extractor/acc.5 
LOG (ivector-extractor-sum-accs[5.5.1068~1-59299]:main():ivector-extractor-sum-accs.cc:74) Reading stats from exp/nnet3_cleaned/extractor/acc.5.1
LOG (ivector-extractor-sum-accs[5.5.1068~1-59299]:main():ivector-extractor-sum-accs.cc:74) Reading stats from exp/nnet3_cleaned/extractor/acc.5.2
LOG (ivector-extractor-sum-accs[5.5.1068~1-59299]:main():ivector-extractor-sum-accs.cc:74) Reading stats from exp/nnet3_cleaned/extractor/acc.5.3
LOG (ivector-extractor-sum-accs[5.5.1068~1-59299]:main():ivector-extractor-sum-accs.cc:74) Reading stats from exp/nnet3_cleaned/extractor/acc.5.4
LOG (ivector-extractor-sum-accs[5.5.1068~1-59299]:main():ivector-extractor-sum-accs.cc:74) Reading stats from exp/nnet3_cleaned/extractor/acc.5.5
LOG (ivector-extractor-sum-accs[5.5.1068~1-59299]:main():ivector-extractor-sum-accs.cc:74) Reading stats from exp/nnet3_cleaned/extractor/acc.5.6
LOG (ivector-extractor-sum-accs[5.5.1068~1-59299]:main():ivector-extractor-sum-accs.cc:74) Reading stats from exp/nnet3_cleaned/extractor/acc.5.7
LOG (ivector-extractor-sum-accs[5.5.1068~1-59299]:main():ivector-extractor-sum-accs.cc:74) Reading stats from exp/nnet3_cleaned/extractor/acc.5.8
LOG (ivector-extractor-sum-accs[5.5.1068~1-59299]:main():ivector-extractor-sum-accs.cc:74) Reading stats from exp/nnet3_cleaned/extractor/acc.5.9
LOG (ivector-extractor-sum-accs[5.5.1068~1-59299]:main():ivector-extractor-sum-accs.cc:74) Reading stats from exp/nnet3_cleaned/extractor/acc.5.10
LOG (ivector-extractor-sum-accs[5.5.1068~1-59299]:main():ivector-extractor-sum-accs.cc:74) Reading stats from exp/nnet3_cleaned/extractor/acc.5.11
LOG (ivector-extractor-sum-accs[5.5.1068~1-59299]:main():ivector-extractor-sum-accs.cc:74) Reading stats from exp/nnet3_cleaned/extractor/acc.5.12
LOG (ivector-extractor-sum-accs[5.5.1068~1-59299]:main():ivector-extractor-sum-accs.cc:74) Reading stats from exp/nnet3_cleaned/extractor/acc.5.13
LOG (ivector-extractor-sum-accs[5.5.1068~1-59299]:main():ivector-extractor-sum-accs.cc:74) Reading stats from exp/nnet3_cleaned/extractor/acc.5.14
LOG (ivector-extractor-sum-accs[5.5.1068~1-59299]:main():ivector-extractor-sum-accs.cc:74) Reading stats from exp/nnet3_cleaned/extractor/acc.5.15
LOG (ivector-extractor-sum-accs[5.5.1068~1-59299]:main():ivector-extractor-sum-accs.cc:83) Wrote summed stats to exp/nnet3_cleaned/extractor/acc.5
# Accounting: time=0 threads=1
# Ended (code 0) at Mon Apr 10 21:54:32 PDT 2023, elapsed time 0 seconds
