# ivector-extractor-sum-accs exp/nnet3_cleaned/extractor/acc.4.1 exp/nnet3_cleaned/extractor/acc.4.2 exp/nnet3_cleaned/extractor/acc.4.3 exp/nnet3_cleaned/extractor/acc.4.4 exp/nnet3_cleaned/extractor/acc.4.5 exp/nnet3_cleaned/extractor/acc.4.6 exp/nnet3_cleaned/extractor/acc.4.7 exp/nnet3_cleaned/extractor/acc.4.8 exp/nnet3_cleaned/extractor/acc.4.9 exp/nnet3_cleaned/extractor/acc.4.10 exp/nnet3_cleaned/extractor/acc.4.11 exp/nnet3_cleaned/extractor/acc.4.12 exp/nnet3_cleaned/extractor/acc.4.13 exp/nnet3_cleaned/extractor/acc.4.14 exp/nnet3_cleaned/extractor/acc.4.15 exp/nnet3_cleaned/extractor/acc.4 
# Started at Mon Apr 10 21:54:23 PDT 2023
#
ivector-extractor-sum-accs exp/nnet3_cleaned/extractor/acc.4.1 exp/nnet3_cleaned/extractor/acc.4.2 exp/nnet3_cleaned/extractor/acc.4.3 exp/nnet3_cleaned/extractor/acc.4.4 exp/nnet3_cleaned/extractor/acc.4.5 exp/nnet3_cleaned/extractor/acc.4.6 exp/nnet3_cleaned/extractor/acc.4.7 exp/nnet3_cleaned/extractor/acc.4.8 exp/nnet3_cleaned/extractor/acc.4.9 exp/nnet3_cleaned/extractor/acc.4.10 exp/nnet3_cleaned/extractor/acc.4.11 exp/nnet3_cleaned/extractor/acc.4.12 exp/nnet3_cleaned/extractor/acc.4.13 exp/nnet3_cleaned/extractor/acc.4.14 exp/nnet3_cleaned/extractor/acc.4.15 exp/nnet3_cleaned/extractor/acc.4 
LOG (ivector-extractor-sum-accs[5.5.1068~1-59299]:main():ivector-extractor-sum-accs.cc:74) Reading stats from exp/nnet3_cleaned/extractor/acc.4.1
LOG (ivector-extractor-sum-accs[5.5.1068~1-59299]:main():ivector-extractor-sum-accs.cc:74) Reading stats from exp/nnet3_cleaned/extractor/acc.4.2
LOG (ivector-extractor-sum-accs[5.5.1068~1-59299]:main():ivector-extractor-sum-accs.cc:74) Reading stats from exp/nnet3_cleaned/extractor/acc.4.3
LOG (ivector-extractor-sum-accs[5.5.1068~1-59299]:main():ivector-extractor-sum-accs.cc:74) Reading stats from exp/nnet3_cleaned/extractor/acc.4.4
LOG (ivector-extractor-sum-accs[5.5.1068~1-59299]:main():ivector-extractor-sum-accs.cc:74) Reading stats from exp/nnet3_cleaned/extractor/acc.4.5
LOG (ivector-extractor-sum-accs[5.5.1068~1-59299]:main():ivector-extractor-sum-accs.cc:74) Reading stats from exp/nnet3_cleaned/extractor/acc.4.6
LOG (ivector-extractor-sum-accs[5.5.1068~1-59299]:main():ivector-extractor-sum-accs.cc:74) Reading stats from exp/nnet3_cleaned/extractor/acc.4.7
LOG (ivector-extractor-sum-accs[5.5.1068~1-59299]:main():ivector-extractor-sum-accs.cc:74) Reading stats from exp/nnet3_cleaned/extractor/acc.4.8
LOG (ivector-extractor-sum-accs[5.5.1068~1-59299]:main():ivector-extractor-sum-accs.cc:74) Reading stats from exp/nnet3_cleaned/extractor/acc.4.9
LOG (ivector-extractor-sum-accs[5.5.1068~1-59299]:main():ivector-extractor-sum-accs.cc:74) Reading stats from exp/nnet3_cleaned/extractor/acc.4.10
LOG (ivector-extractor-sum-accs[5.5.1068~1-59299]:main():ivector-extractor-sum-accs.cc:74) Reading stats from exp/nnet3_cleaned/extractor/acc.4.11
LOG (ivector-extractor-sum-accs[5.5.1068~1-59299]:main():ivector-extractor-sum-accs.cc:74) Reading stats from exp/nnet3_cleaned/extractor/acc.4.12
LOG (ivector-extractor-sum-accs[5.5.1068~1-59299]:main():ivector-extractor-sum-accs.cc:74) Reading stats from exp/nnet3_cleaned/extractor/acc.4.13
LOG (ivector-extractor-sum-accs[5.5.1068~1-59299]:main():ivector-extractor-sum-accs.cc:74) Reading stats from exp/nnet3_cleaned/extractor/acc.4.14
LOG (ivector-extractor-sum-accs[5.5.1068~1-59299]:main():ivector-extractor-sum-accs.cc:74) Reading stats from exp/nnet3_cleaned/extractor/acc.4.15
LOG (ivector-extractor-sum-accs[5.5.1068~1-59299]:main():ivector-extractor-sum-accs.cc:83) Wrote summed stats to exp/nnet3_cleaned/extractor/acc.4
# Accounting: time=0 threads=1
# Ended (code 0) at Mon Apr 10 21:54:23 PDT 2023, elapsed time 0 seconds
