# ivector-extractor-sum-accs --parallel=true "ivector-extractor-acc-stats --num-threads=4 exp/nnet3_cleaned/extractor/9.ie 'ark,s,cs:splice-feats --left-context=3 --right-context=3 scp:local/data/train_hires/split30/11/feats.scp ark:- | transform-feats exp/nnet3_cleaned/extractor/final.mat ark:- ark:- | subsample-feats --n=2 ark:- ark:- |' 'ark,s,cs:gunzip -c exp/nnet3_cleaned/extractor/post.11.gz|' -|" "ivector-extractor-acc-stats --num-threads=4 exp/nnet3_cleaned/extractor/9.ie 'ark,s,cs:splice-feats --left-context=3 --right-context=3 scp:local/data/train_hires/split30/12/feats.scp ark:- | transform-feats exp/nnet3_cleaned/extractor/final.mat ark:- ark:- | subsample-feats --n=2 ark:- ark:- |' 'ark,s,cs:gunzip -c exp/nnet3_cleaned/extractor/post.12.gz|' -|" exp/nnet3_cleaned/extractor/acc.9.6 
# Started at Mon Apr 10 22:04:31 PDT 2023
#
ivector-extractor-sum-accs --parallel=true "ivector-extractor-acc-stats --num-threads=4 exp/nnet3_cleaned/extractor/9.ie 'ark,s,cs:splice-feats --left-context=3 --right-context=3 scp:local/data/train_hires/split30/11/feats.scp ark:- | transform-feats exp/nnet3_cleaned/extractor/final.mat ark:- ark:- | subsample-feats --n=2 ark:- ark:- |' 'ark,s,cs:gunzip -c exp/nnet3_cleaned/extractor/post.11.gz|' -|" "ivector-extractor-acc-stats --num-threads=4 exp/nnet3_cleaned/extractor/9.ie 'ark,s,cs:splice-feats --left-context=3 --right-context=3 scp:local/data/train_hires/split30/12/feats.scp ark:- | transform-feats exp/nnet3_cleaned/extractor/final.mat ark:- ark:- | subsample-feats --n=2 ark:- ark:- |' 'ark,s,cs:gunzip -c exp/nnet3_cleaned/extractor/post.12.gz|' -|" exp/nnet3_cleaned/extractor/acc.9.6 
ivector-extractor-acc-stats --num-threads=4 exp/nnet3_cleaned/extractor/9.ie 'ark,s,cs:splice-feats --left-context=3 --right-context=3 scp:local/data/train_hires/split30/11/feats.scp ark:- | transform-feats exp/nnet3_cleaned/extractor/final.mat ark:- ark:- | subsample-feats --n=2 ark:- ark:- |' 'ark,s,cs:gunzip -c exp/nnet3_cleaned/extractor/post.11.gz|' - 
subsample-feats --n=2 ark:- ark:- 
ivector-extractor-acc-stats --num-threads=4 exp/nnet3_cleaned/extractor/9.ie 'ark,s,cs:splice-feats --left-context=3 --right-context=3 scp:local/data/train_hires/split30/12/feats.scp ark:- | transform-feats exp/nnet3_cleaned/extractor/final.mat ark:- ark:- | subsample-feats --n=2 ark:- ark:- |' 'ark,s,cs:gunzip -c exp/nnet3_cleaned/extractor/post.12.gz|' - 
transform-feats exp/nnet3_cleaned/extractor/final.mat ark:- ark:- 
transform-feats exp/nnet3_cleaned/extractor/final.mat ark:- ark:- 
splice-feats --left-context=3 --right-context=3 scp:local/data/train_hires/split30/11/feats.scp ark:- 
subsample-feats --n=2 ark:- ark:- 
splice-feats --left-context=3 --right-context=3 scp:local/data/train_hires/split30/12/feats.scp ark:- 
LOG (ivector-extractor-acc-stats[5.5.1068~1-59299]:ComputeDerivedVars():ivector-extractor.cc:183) Computing derived variables for iVector extractor
LOG (ivector-extractor-acc-stats[5.5.1068~1-59299]:ComputeDerivedVars():ivector-extractor.cc:183) Computing derived variables for iVector extractor
LOG (ivector-extractor-acc-stats[5.5.1068~1-59299]:ComputeDerivedVars():ivector-extractor.cc:204) Done.
LOG (ivector-extractor-acc-stats[5.5.1068~1-59299]:ComputeDerivedVars():ivector-extractor.cc:204) Done.
LOG (transform-feats[5.5.1068~1-59299]:main():transform-feats.cc:158) Overall average [pseudo-]logdet is -114.679 over 20390 frames.
LOG (transform-feats[5.5.1068~1-59299]:main():transform-feats.cc:161) Applied transform to 75 utterances; 0 had errors.
LOG (subsample-feats[5.5.1068~1-59299]:main():subsample-feats.cc:115) Processed 75 feature matrices; 0 with errors.
LOG (subsample-feats[5.5.1068~1-59299]:main():subsample-feats.cc:117) Processed 20390 input frames and 10209 output frames.
LOG (transform-feats[5.5.1068~1-59299]:main():transform-feats.cc:158) Overall average [pseudo-]logdet is -114.679 over 19207 frames.
LOG (transform-feats[5.5.1068~1-59299]:main():transform-feats.cc:161) Applied transform to 74 utterances; 0 had errors.
LOG (ivector-extractor-acc-stats[5.5.1068~1-59299]:main():ivector-extractor-acc-stats.cc:151) Done 75 files, 0 with errors.  Total frames 10209
LOG (subsample-feats[5.5.1068~1-59299]:main():subsample-feats.cc:115) Processed 74 feature matrices; 0 with errors.
LOG (subsample-feats[5.5.1068~1-59299]:main():subsample-feats.cc:117) Processed 19207 input frames and 9613 output frames.
LOG (ivector-extractor-acc-stats[5.5.1068~1-59299]:main():ivector-extractor-acc-stats.cc:151) Done 74 files, 0 with errors.  Total frames 9613
LOG (ivector-extractor-acc-stats[5.5.1068~1-59299]:main():ivector-extractor-acc-stats.cc:159) Wrote stats to -
LOG (ivector-extractor-acc-stats[5.5.1068~1-59299]:main():ivector-extractor-acc-stats.cc:159) Wrote stats to -
LOG (ivector-extractor-sum-accs[5.5.1068~1-59299]:main():ivector-extractor-sum-accs.cc:83) Wrote summed stats to exp/nnet3_cleaned/extractor/acc.9.6
# Accounting: time=9 threads=1
# Ended (code 0) at Mon Apr 10 22:04:40 PDT 2023, elapsed time 9 seconds
