# ivector-extractor-sum-accs exp/nnet3_cleaned/extractor/acc.1.1 exp/nnet3_cleaned/extractor/acc.1.2 exp/nnet3_cleaned/extractor/acc.1.3 exp/nnet3_cleaned/extractor/acc.1.4 exp/nnet3_cleaned/extractor/acc.1.5 exp/nnet3_cleaned/extractor/acc.1.6 exp/nnet3_cleaned/extractor/acc.1.7 exp/nnet3_cleaned/extractor/acc.1.8 exp/nnet3_cleaned/extractor/acc.1.9 exp/nnet3_cleaned/extractor/acc.1.10 exp/nnet3_cleaned/extractor/acc.1.11 exp/nnet3_cleaned/extractor/acc.1.12 exp/nnet3_cleaned/extractor/acc.1.13 exp/nnet3_cleaned/extractor/acc.1.14 exp/nnet3_cleaned/extractor/acc.1.15 exp/nnet3_cleaned/extractor/acc.1 
# Started at Mon Apr 10 22:03:24 PDT 2023
#
ivector-extractor-sum-accs exp/nnet3_cleaned/extractor/acc.1.1 exp/nnet3_cleaned/extractor/acc.1.2 exp/nnet3_cleaned/extractor/acc.1.3 exp/nnet3_cleaned/extractor/acc.1.4 exp/nnet3_cleaned/extractor/acc.1.5 exp/nnet3_cleaned/extractor/acc.1.6 exp/nnet3_cleaned/extractor/acc.1.7 exp/nnet3_cleaned/extractor/acc.1.8 exp/nnet3_cleaned/extractor/acc.1.9 exp/nnet3_cleaned/extractor/acc.1.10 exp/nnet3_cleaned/extractor/acc.1.11 exp/nnet3_cleaned/extractor/acc.1.12 exp/nnet3_cleaned/extractor/acc.1.13 exp/nnet3_cleaned/extractor/acc.1.14 exp/nnet3_cleaned/extractor/acc.1.15 exp/nnet3_cleaned/extractor/acc.1 
LOG (ivector-extractor-sum-accs[5.5.1068~1-59299]:main():ivector-extractor-sum-accs.cc:74) Reading stats from exp/nnet3_cleaned/extractor/acc.1.1
LOG (ivector-extractor-sum-accs[5.5.1068~1-59299]:main():ivector-extractor-sum-accs.cc:74) Reading stats from exp/nnet3_cleaned/extractor/acc.1.2
LOG (ivector-extractor-sum-accs[5.5.1068~1-59299]:main():ivector-extractor-sum-accs.cc:74) Reading stats from exp/nnet3_cleaned/extractor/acc.1.3
LOG (ivector-extractor-sum-accs[5.5.1068~1-59299]:main():ivector-extractor-sum-accs.cc:74) Reading stats from exp/nnet3_cleaned/extractor/acc.1.4
LOG (ivector-extractor-sum-accs[5.5.1068~1-59299]:main():ivector-extractor-sum-accs.cc:74) Reading stats from exp/nnet3_cleaned/extractor/acc.1.5
LOG (ivector-extractor-sum-accs[5.5.1068~1-59299]:main():ivector-extractor-sum-accs.cc:74) Reading stats from exp/nnet3_cleaned/extractor/acc.1.6
LOG (ivector-extractor-sum-accs[5.5.1068~1-59299]:main():ivector-extractor-sum-accs.cc:74) Reading stats from exp/nnet3_cleaned/extractor/acc.1.7
LOG (ivector-extractor-sum-accs[5.5.1068~1-59299]:main():ivector-extractor-sum-accs.cc:74) Reading stats from exp/nnet3_cleaned/extractor/acc.1.8
LOG (ivector-extractor-sum-accs[5.5.1068~1-59299]:main():ivector-extractor-sum-accs.cc:74) Reading stats from exp/nnet3_cleaned/extractor/acc.1.9
LOG (ivector-extractor-sum-accs[5.5.1068~1-59299]:main():ivector-extractor-sum-accs.cc:74) Reading stats from exp/nnet3_cleaned/extractor/acc.1.10
LOG (ivector-extractor-sum-accs[5.5.1068~1-59299]:main():ivector-extractor-sum-accs.cc:74) Reading stats from exp/nnet3_cleaned/extractor/acc.1.11
LOG (ivector-extractor-sum-accs[5.5.1068~1-59299]:main():ivector-extractor-sum-accs.cc:74) Reading stats from exp/nnet3_cleaned/extractor/acc.1.12
LOG (ivector-extractor-sum-accs[5.5.1068~1-59299]:main():ivector-extractor-sum-accs.cc:74) Reading stats from exp/nnet3_cleaned/extractor/acc.1.13
LOG (ivector-extractor-sum-accs[5.5.1068~1-59299]:main():ivector-extractor-sum-accs.cc:74) Reading stats from exp/nnet3_cleaned/extractor/acc.1.14
LOG (ivector-extractor-sum-accs[5.5.1068~1-59299]:main():ivector-extractor-sum-accs.cc:74) Reading stats from exp/nnet3_cleaned/extractor/acc.1.15
LOG (ivector-extractor-sum-accs[5.5.1068~1-59299]:main():ivector-extractor-sum-accs.cc:83) Wrote summed stats to exp/nnet3_cleaned/extractor/acc.1
# Accounting: time=0 threads=1
# Ended (code 0) at Mon Apr 10 22:03:24 PDT 2023, elapsed time 0 seconds
