# ivector-extractor-sum-accs exp/nnet3_cleaned/extractor/acc.0.1 exp/nnet3_cleaned/extractor/acc.0.2 exp/nnet3_cleaned/extractor/acc.0.3 exp/nnet3_cleaned/extractor/acc.0.4 exp/nnet3_cleaned/extractor/acc.0.5 exp/nnet3_cleaned/extractor/acc.0.6 exp/nnet3_cleaned/extractor/acc.0.7 exp/nnet3_cleaned/extractor/acc.0.8 exp/nnet3_cleaned/extractor/acc.0.9 exp/nnet3_cleaned/extractor/acc.0.10 exp/nnet3_cleaned/extractor/acc.0.11 exp/nnet3_cleaned/extractor/acc.0.12 exp/nnet3_cleaned/extractor/acc.0.13 exp/nnet3_cleaned/extractor/acc.0.14 exp/nnet3_cleaned/extractor/acc.0.15 exp/nnet3_cleaned/extractor/acc.0 
# Started at Mon Apr 10 22:03:14 PDT 2023
#
ivector-extractor-sum-accs exp/nnet3_cleaned/extractor/acc.0.1 exp/nnet3_cleaned/extractor/acc.0.2 exp/nnet3_cleaned/extractor/acc.0.3 exp/nnet3_cleaned/extractor/acc.0.4 exp/nnet3_cleaned/extractor/acc.0.5 exp/nnet3_cleaned/extractor/acc.0.6 exp/nnet3_cleaned/extractor/acc.0.7 exp/nnet3_cleaned/extractor/acc.0.8 exp/nnet3_cleaned/extractor/acc.0.9 exp/nnet3_cleaned/extractor/acc.0.10 exp/nnet3_cleaned/extractor/acc.0.11 exp/nnet3_cleaned/extractor/acc.0.12 exp/nnet3_cleaned/extractor/acc.0.13 exp/nnet3_cleaned/extractor/acc.0.14 exp/nnet3_cleaned/extractor/acc.0.15 exp/nnet3_cleaned/extractor/acc.0 
LOG (ivector-extractor-sum-accs[5.5.1068~1-59299]:main():ivector-extractor-sum-accs.cc:74) Reading stats from exp/nnet3_cleaned/extractor/acc.0.1
LOG (ivector-extractor-sum-accs[5.5.1068~1-59299]:main():ivector-extractor-sum-accs.cc:74) Reading stats from exp/nnet3_cleaned/extractor/acc.0.2
LOG (ivector-extractor-sum-accs[5.5.1068~1-59299]:main():ivector-extractor-sum-accs.cc:74) Reading stats from exp/nnet3_cleaned/extractor/acc.0.3
LOG (ivector-extractor-sum-accs[5.5.1068~1-59299]:main():ivector-extractor-sum-accs.cc:74) Reading stats from exp/nnet3_cleaned/extractor/acc.0.4
LOG (ivector-extractor-sum-accs[5.5.1068~1-59299]:main():ivector-extractor-sum-accs.cc:74) Reading stats from exp/nnet3_cleaned/extractor/acc.0.5
LOG (ivector-extractor-sum-accs[5.5.1068~1-59299]:main():ivector-extractor-sum-accs.cc:74) Reading stats from exp/nnet3_cleaned/extractor/acc.0.6
LOG (ivector-extractor-sum-accs[5.5.1068~1-59299]:main():ivector-extractor-sum-accs.cc:74) Reading stats from exp/nnet3_cleaned/extractor/acc.0.7
LOG (ivector-extractor-sum-accs[5.5.1068~1-59299]:main():ivector-extractor-sum-accs.cc:74) Reading stats from exp/nnet3_cleaned/extractor/acc.0.8
LOG (ivector-extractor-sum-accs[5.5.1068~1-59299]:main():ivector-extractor-sum-accs.cc:74) Reading stats from exp/nnet3_cleaned/extractor/acc.0.9
LOG (ivector-extractor-sum-accs[5.5.1068~1-59299]:main():ivector-extractor-sum-accs.cc:74) Reading stats from exp/nnet3_cleaned/extractor/acc.0.10
LOG (ivector-extractor-sum-accs[5.5.1068~1-59299]:main():ivector-extractor-sum-accs.cc:74) Reading stats from exp/nnet3_cleaned/extractor/acc.0.11
LOG (ivector-extractor-sum-accs[5.5.1068~1-59299]:main():ivector-extractor-sum-accs.cc:74) Reading stats from exp/nnet3_cleaned/extractor/acc.0.12
LOG (ivector-extractor-sum-accs[5.5.1068~1-59299]:main():ivector-extractor-sum-accs.cc:74) Reading stats from exp/nnet3_cleaned/extractor/acc.0.13
LOG (ivector-extractor-sum-accs[5.5.1068~1-59299]:main():ivector-extractor-sum-accs.cc:74) Reading stats from exp/nnet3_cleaned/extractor/acc.0.14
LOG (ivector-extractor-sum-accs[5.5.1068~1-59299]:main():ivector-extractor-sum-accs.cc:74) Reading stats from exp/nnet3_cleaned/extractor/acc.0.15
LOG (ivector-extractor-sum-accs[5.5.1068~1-59299]:main():ivector-extractor-sum-accs.cc:83) Wrote summed stats to exp/nnet3_cleaned/extractor/acc.0
# Accounting: time=0 threads=1
# Ended (code 0) at Mon Apr 10 22:03:14 PDT 2023, elapsed time 0 seconds
