# ivector-extractor-sum-accs exp/nnet3_cleaned/extractor/acc.3.1 exp/nnet3_cleaned/extractor/acc.3.2 exp/nnet3_cleaned/extractor/acc.3.3 exp/nnet3_cleaned/extractor/acc.3.4 exp/nnet3_cleaned/extractor/acc.3.5 exp/nnet3_cleaned/extractor/acc.3.6 exp/nnet3_cleaned/extractor/acc.3.7 exp/nnet3_cleaned/extractor/acc.3.8 exp/nnet3_cleaned/extractor/acc.3.9 exp/nnet3_cleaned/extractor/acc.3.10 exp/nnet3_cleaned/extractor/acc.3.11 exp/nnet3_cleaned/extractor/acc.3.12 exp/nnet3_cleaned/extractor/acc.3.13 exp/nnet3_cleaned/extractor/acc.3.14 exp/nnet3_cleaned/extractor/acc.3.15 exp/nnet3_cleaned/extractor/acc.3 
# Started at Mon Apr 10 22:03:43 PDT 2023
#
ivector-extractor-sum-accs exp/nnet3_cleaned/extractor/acc.3.1 exp/nnet3_cleaned/extractor/acc.3.2 exp/nnet3_cleaned/extractor/acc.3.3 exp/nnet3_cleaned/extractor/acc.3.4 exp/nnet3_cleaned/extractor/acc.3.5 exp/nnet3_cleaned/extractor/acc.3.6 exp/nnet3_cleaned/extractor/acc.3.7 exp/nnet3_cleaned/extractor/acc.3.8 exp/nnet3_cleaned/extractor/acc.3.9 exp/nnet3_cleaned/extractor/acc.3.10 exp/nnet3_cleaned/extractor/acc.3.11 exp/nnet3_cleaned/extractor/acc.3.12 exp/nnet3_cleaned/extractor/acc.3.13 exp/nnet3_cleaned/extractor/acc.3.14 exp/nnet3_cleaned/extractor/acc.3.15 exp/nnet3_cleaned/extractor/acc.3 
LOG (ivector-extractor-sum-accs[5.5.1068~1-59299]:main():ivector-extractor-sum-accs.cc:74) Reading stats from exp/nnet3_cleaned/extractor/acc.3.1
LOG (ivector-extractor-sum-accs[5.5.1068~1-59299]:main():ivector-extractor-sum-accs.cc:74) Reading stats from exp/nnet3_cleaned/extractor/acc.3.2
LOG (ivector-extractor-sum-accs[5.5.1068~1-59299]:main():ivector-extractor-sum-accs.cc:74) Reading stats from exp/nnet3_cleaned/extractor/acc.3.3
LOG (ivector-extractor-sum-accs[5.5.1068~1-59299]:main():ivector-extractor-sum-accs.cc:74) Reading stats from exp/nnet3_cleaned/extractor/acc.3.4
LOG (ivector-extractor-sum-accs[5.5.1068~1-59299]:main():ivector-extractor-sum-accs.cc:74) Reading stats from exp/nnet3_cleaned/extractor/acc.3.5
LOG (ivector-extractor-sum-accs[5.5.1068~1-59299]:main():ivector-extractor-sum-accs.cc:74) Reading stats from exp/nnet3_cleaned/extractor/acc.3.6
LOG (ivector-extractor-sum-accs[5.5.1068~1-59299]:main():ivector-extractor-sum-accs.cc:74) Reading stats from exp/nnet3_cleaned/extractor/acc.3.7
LOG (ivector-extractor-sum-accs[5.5.1068~1-59299]:main():ivector-extractor-sum-accs.cc:74) Reading stats from exp/nnet3_cleaned/extractor/acc.3.8
LOG (ivector-extractor-sum-accs[5.5.1068~1-59299]:main():ivector-extractor-sum-accs.cc:74) Reading stats from exp/nnet3_cleaned/extractor/acc.3.9
LOG (ivector-extractor-sum-accs[5.5.1068~1-59299]:main():ivector-extractor-sum-accs.cc:74) Reading stats from exp/nnet3_cleaned/extractor/acc.3.10
LOG (ivector-extractor-sum-accs[5.5.1068~1-59299]:main():ivector-extractor-sum-accs.cc:74) Reading stats from exp/nnet3_cleaned/extractor/acc.3.11
LOG (ivector-extractor-sum-accs[5.5.1068~1-59299]:main():ivector-extractor-sum-accs.cc:74) Reading stats from exp/nnet3_cleaned/extractor/acc.3.12
LOG (ivector-extractor-sum-accs[5.5.1068~1-59299]:main():ivector-extractor-sum-accs.cc:74) Reading stats from exp/nnet3_cleaned/extractor/acc.3.13
LOG (ivector-extractor-sum-accs[5.5.1068~1-59299]:main():ivector-extractor-sum-accs.cc:74) Reading stats from exp/nnet3_cleaned/extractor/acc.3.14
LOG (ivector-extractor-sum-accs[5.5.1068~1-59299]:main():ivector-extractor-sum-accs.cc:74) Reading stats from exp/nnet3_cleaned/extractor/acc.3.15
LOG (ivector-extractor-sum-accs[5.5.1068~1-59299]:main():ivector-extractor-sum-accs.cc:83) Wrote summed stats to exp/nnet3_cleaned/extractor/acc.3
# Accounting: time=0 threads=1
# Ended (code 0) at Mon Apr 10 22:03:43 PDT 2023, elapsed time 0 seconds
