# ivector-extractor-sum-accs exp/nnet3_cleaned/extractor/acc.8.1 exp/nnet3_cleaned/extractor/acc.8.2 exp/nnet3_cleaned/extractor/acc.8.3 exp/nnet3_cleaned/extractor/acc.8.4 exp/nnet3_cleaned/extractor/acc.8.5 exp/nnet3_cleaned/extractor/acc.8.6 exp/nnet3_cleaned/extractor/acc.8.7 exp/nnet3_cleaned/extractor/acc.8.8 exp/nnet3_cleaned/extractor/acc.8.9 exp/nnet3_cleaned/extractor/acc.8.10 exp/nnet3_cleaned/extractor/acc.8.11 exp/nnet3_cleaned/extractor/acc.8.12 exp/nnet3_cleaned/extractor/acc.8.13 exp/nnet3_cleaned/extractor/acc.8.14 exp/nnet3_cleaned/extractor/acc.8.15 exp/nnet3_cleaned/extractor/acc.8 
# Started at Mon Apr 10 22:04:31 PDT 2023
#
ivector-extractor-sum-accs exp/nnet3_cleaned/extractor/acc.8.1 exp/nnet3_cleaned/extractor/acc.8.2 exp/nnet3_cleaned/extractor/acc.8.3 exp/nnet3_cleaned/extractor/acc.8.4 exp/nnet3_cleaned/extractor/acc.8.5 exp/nnet3_cleaned/extractor/acc.8.6 exp/nnet3_cleaned/extractor/acc.8.7 exp/nnet3_cleaned/extractor/acc.8.8 exp/nnet3_cleaned/extractor/acc.8.9 exp/nnet3_cleaned/extractor/acc.8.10 exp/nnet3_cleaned/extractor/acc.8.11 exp/nnet3_cleaned/extractor/acc.8.12 exp/nnet3_cleaned/extractor/acc.8.13 exp/nnet3_cleaned/extractor/acc.8.14 exp/nnet3_cleaned/extractor/acc.8.15 exp/nnet3_cleaned/extractor/acc.8 
LOG (ivector-extractor-sum-accs[5.5.1068~1-59299]:main():ivector-extractor-sum-accs.cc:74) Reading stats from exp/nnet3_cleaned/extractor/acc.8.1
LOG (ivector-extractor-sum-accs[5.5.1068~1-59299]:main():ivector-extractor-sum-accs.cc:74) Reading stats from exp/nnet3_cleaned/extractor/acc.8.2
LOG (ivector-extractor-sum-accs[5.5.1068~1-59299]:main():ivector-extractor-sum-accs.cc:74) Reading stats from exp/nnet3_cleaned/extractor/acc.8.3
LOG (ivector-extractor-sum-accs[5.5.1068~1-59299]:main():ivector-extractor-sum-accs.cc:74) Reading stats from exp/nnet3_cleaned/extractor/acc.8.4
LOG (ivector-extractor-sum-accs[5.5.1068~1-59299]:main():ivector-extractor-sum-accs.cc:74) Reading stats from exp/nnet3_cleaned/extractor/acc.8.5
LOG (ivector-extractor-sum-accs[5.5.1068~1-59299]:main():ivector-extractor-sum-accs.cc:74) Reading stats from exp/nnet3_cleaned/extractor/acc.8.6
LOG (ivector-extractor-sum-accs[5.5.1068~1-59299]:main():ivector-extractor-sum-accs.cc:74) Reading stats from exp/nnet3_cleaned/extractor/acc.8.7
LOG (ivector-extractor-sum-accs[5.5.1068~1-59299]:main():ivector-extractor-sum-accs.cc:74) Reading stats from exp/nnet3_cleaned/extractor/acc.8.8
LOG (ivector-extractor-sum-accs[5.5.1068~1-59299]:main():ivector-extractor-sum-accs.cc:74) Reading stats from exp/nnet3_cleaned/extractor/acc.8.9
LOG (ivector-extractor-sum-accs[5.5.1068~1-59299]:main():ivector-extractor-sum-accs.cc:74) Reading stats from exp/nnet3_cleaned/extractor/acc.8.10
LOG (ivector-extractor-sum-accs[5.5.1068~1-59299]:main():ivector-extractor-sum-accs.cc:74) Reading stats from exp/nnet3_cleaned/extractor/acc.8.11
LOG (ivector-extractor-sum-accs[5.5.1068~1-59299]:main():ivector-extractor-sum-accs.cc:74) Reading stats from exp/nnet3_cleaned/extractor/acc.8.12
LOG (ivector-extractor-sum-accs[5.5.1068~1-59299]:main():ivector-extractor-sum-accs.cc:74) Reading stats from exp/nnet3_cleaned/extractor/acc.8.13
LOG (ivector-extractor-sum-accs[5.5.1068~1-59299]:main():ivector-extractor-sum-accs.cc:74) Reading stats from exp/nnet3_cleaned/extractor/acc.8.14
LOG (ivector-extractor-sum-accs[5.5.1068~1-59299]:main():ivector-extractor-sum-accs.cc:74) Reading stats from exp/nnet3_cleaned/extractor/acc.8.15
LOG (ivector-extractor-sum-accs[5.5.1068~1-59299]:main():ivector-extractor-sum-accs.cc:83) Wrote summed stats to exp/nnet3_cleaned/extractor/acc.8
# Accounting: time=0 threads=1
# Ended (code 0) at Mon Apr 10 22:04:31 PDT 2023, elapsed time 0 seconds
