# ivector-extractor-sum-accs exp/nnet3_cleaned/extractor/acc.9.1 exp/nnet3_cleaned/extractor/acc.9.2 exp/nnet3_cleaned/extractor/acc.9.3 exp/nnet3_cleaned/extractor/acc.9.4 exp/nnet3_cleaned/extractor/acc.9.5 exp/nnet3_cleaned/extractor/acc.9.6 exp/nnet3_cleaned/extractor/acc.9.7 exp/nnet3_cleaned/extractor/acc.9.8 exp/nnet3_cleaned/extractor/acc.9.9 exp/nnet3_cleaned/extractor/acc.9.10 exp/nnet3_cleaned/extractor/acc.9.11 exp/nnet3_cleaned/extractor/acc.9.12 exp/nnet3_cleaned/extractor/acc.9.13 exp/nnet3_cleaned/extractor/acc.9.14 exp/nnet3_cleaned/extractor/acc.9.15 exp/nnet3_cleaned/extractor/acc.9 
# Started at Mon Apr 10 22:04:40 PDT 2023
#
ivector-extractor-sum-accs exp/nnet3_cleaned/extractor/acc.9.1 exp/nnet3_cleaned/extractor/acc.9.2 exp/nnet3_cleaned/extractor/acc.9.3 exp/nnet3_cleaned/extractor/acc.9.4 exp/nnet3_cleaned/extractor/acc.9.5 exp/nnet3_cleaned/extractor/acc.9.6 exp/nnet3_cleaned/extractor/acc.9.7 exp/nnet3_cleaned/extractor/acc.9.8 exp/nnet3_cleaned/extractor/acc.9.9 exp/nnet3_cleaned/extractor/acc.9.10 exp/nnet3_cleaned/extractor/acc.9.11 exp/nnet3_cleaned/extractor/acc.9.12 exp/nnet3_cleaned/extractor/acc.9.13 exp/nnet3_cleaned/extractor/acc.9.14 exp/nnet3_cleaned/extractor/acc.9.15 exp/nnet3_cleaned/extractor/acc.9 
LOG (ivector-extractor-sum-accs[5.5.1068~1-59299]:main():ivector-extractor-sum-accs.cc:74) Reading stats from exp/nnet3_cleaned/extractor/acc.9.1
LOG (ivector-extractor-sum-accs[5.5.1068~1-59299]:main():ivector-extractor-sum-accs.cc:74) Reading stats from exp/nnet3_cleaned/extractor/acc.9.2
LOG (ivector-extractor-sum-accs[5.5.1068~1-59299]:main():ivector-extractor-sum-accs.cc:74) Reading stats from exp/nnet3_cleaned/extractor/acc.9.3
LOG (ivector-extractor-sum-accs[5.5.1068~1-59299]:main():ivector-extractor-sum-accs.cc:74) Reading stats from exp/nnet3_cleaned/extractor/acc.9.4
LOG (ivector-extractor-sum-accs[5.5.1068~1-59299]:main():ivector-extractor-sum-accs.cc:74) Reading stats from exp/nnet3_cleaned/extractor/acc.9.5
LOG (ivector-extractor-sum-accs[5.5.1068~1-59299]:main():ivector-extractor-sum-accs.cc:74) Reading stats from exp/nnet3_cleaned/extractor/acc.9.6
LOG (ivector-extractor-sum-accs[5.5.1068~1-59299]:main():ivector-extractor-sum-accs.cc:74) Reading stats from exp/nnet3_cleaned/extractor/acc.9.7
LOG (ivector-extractor-sum-accs[5.5.1068~1-59299]:main():ivector-extractor-sum-accs.cc:74) Reading stats from exp/nnet3_cleaned/extractor/acc.9.8
LOG (ivector-extractor-sum-accs[5.5.1068~1-59299]:main():ivector-extractor-sum-accs.cc:74) Reading stats from exp/nnet3_cleaned/extractor/acc.9.9
LOG (ivector-extractor-sum-accs[5.5.1068~1-59299]:main():ivector-extractor-sum-accs.cc:74) Reading stats from exp/nnet3_cleaned/extractor/acc.9.10
LOG (ivector-extractor-sum-accs[5.5.1068~1-59299]:main():ivector-extractor-sum-accs.cc:74) Reading stats from exp/nnet3_cleaned/extractor/acc.9.11
LOG (ivector-extractor-sum-accs[5.5.1068~1-59299]:main():ivector-extractor-sum-accs.cc:74) Reading stats from exp/nnet3_cleaned/extractor/acc.9.12
LOG (ivector-extractor-sum-accs[5.5.1068~1-59299]:main():ivector-extractor-sum-accs.cc:74) Reading stats from exp/nnet3_cleaned/extractor/acc.9.13
LOG (ivector-extractor-sum-accs[5.5.1068~1-59299]:main():ivector-extractor-sum-accs.cc:74) Reading stats from exp/nnet3_cleaned/extractor/acc.9.14
LOG (ivector-extractor-sum-accs[5.5.1068~1-59299]:main():ivector-extractor-sum-accs.cc:74) Reading stats from exp/nnet3_cleaned/extractor/acc.9.15
LOG (ivector-extractor-sum-accs[5.5.1068~1-59299]:main():ivector-extractor-sum-accs.cc:83) Wrote summed stats to exp/nnet3_cleaned/extractor/acc.9
# Accounting: time=1 threads=1
# Ended (code 0) at Mon Apr 10 22:04:41 PDT 2023, elapsed time 1 seconds
